alpm_octopi_utils
ananicy-cpp
autojump
beautyline
betterlockscreen
bluetooth-autoconnect
brave-bin
btrfs-assistant
catppuccin-gtk-theme-frappe
catppuccin-gtk-theme-latte
catppuccin-gtk-theme-macchiato
catppuccin-gtk-theme-mocha
chaotic-keyring
chaotic-mirrorlist
check-broken-packages-pacman-hook-git
clipman
downgrade
expressvpn
firedragon
fsearch
gallery-dl
gestures
grimblast-git
grimshot
gstreamer0.10
gstreamer0.10-base-plugins
hyprland-git
hyprpicker-git
i3lock-color
jdownloader2
ksuperkey
libavresample
losslesscut-bin
megasync-bin
mystiq
networkmanager-dmenu-git
nnn-nerd
nwg-drawer
nwg-launchers
ocs-url
os-prober-btrfs
otf-font-awesome-4
overdue
pace
pacseek
pacui
paru
powerpill
preload
pulseaudio-control
python-rarfile
qutebrowser-git
r8168-dkms
rate-mirrors
reflector-simple
snapper-support
snapper-tools
topgrade
update-grub
wayfire-plugins-extra
wayland-docs-git
wayland-protocols-git
wdisplays
wlr-randr
wpaperd
xdg-desktop-portal-wlr-git
yay
