autoconf
automake
b43-fwcutter
base
base-devel
binutils
bison
btrfs-progs
bzip2
coreutils
cryptsetup
dialog
dmraid
dosfstools
e2fsprogs
efibootmgr
fakeroot
file
filesystem
findutils
flex
gawk
gcc
gcc-libs
gettext
glibc
grep
groff
grub
gzip
hdparm
inetutils
iproute2
iptables-nft
iputils
jfsutils
libtool
licenses
linux
linux-firmware
linux-headers
linux-lts-headers
logrotate
lvm2
m4
make
man-db
man-pages
mdadm
mlocate
nano
net-tools
nfs-utils
nilfs-utils
pacman
patch
pciutils
pkgconf
procps-ng
psmisc
reiserfsprogs
sdparm
sed
shadow
sudo
systemd
systemd-sysvcompat
tar
texinfo
traceroute
usbutils
util-linux
vi
which
wireless-regdb
xfsprogs
xz
