beautyline
firedragon
garuda-assistant
garuda-backgrounds
garuda-boot-options
garuda-boot-repair
garuda-browser-settings
garuda-common-settings
garuda-dracut-support
garuda-fish-config
garuda-gamer
garuda-hooks
garuda-hotfixes
garuda-hyprland-settings
garuda-icons
garuda-network-assistant
garuda-settings-manager
garuda-setup-assistant
garuda-system-maintenance
garuda-video-linux-config
garuda-wallpapers
garuda-wallpapers-2022
garuda-wallpapers-extra
garuda-wallpapers-honeycombs
garuda-welcome
grub-garuda
grub-theme-garuda
gstreamer-meta
input-devices-support
networkmanager-support
pipewire-support
snapper-support
wayfire-desktop
