acpi
alacritty
alpm_octopi_utils
alsa-firmware
ananicy-cpp
appmenu-gtk-module
arandr
arch-wiki-docs
archcraft-artworks
archcraft-backgrounds
archcraft-backgrounds-branding
archcraft-config-geany
archcraft-cursor-fluent
archcraft-cursor-future
archcraft-cursor-layan
archcraft-cursor-lyra
archcraft-cursor-material
archcraft-cursor-pear
archcraft-cursor-qogirr
archcraft-cursor-sweet
archcraft-cursor-vimix
archcraft-dunst-icons
archcraft-fonts
archcraft-gtk-theme-adapta
archcraft-gtk-theme-arc
archcraft-gtk-theme-blade
archcraft-gtk-theme-catppuccin
archcraft-gtk-theme-cyberpunk
archcraft-gtk-theme-dracula
archcraft-gtk-theme-easy
archcraft-gtk-theme-everforest
archcraft-gtk-theme-groot
archcraft-gtk-theme-gruvbox
archcraft-gtk-theme-hack
archcraft-gtk-theme-juno
archcraft-gtk-theme-kripton
archcraft-gtk-theme-manhattan
archcraft-gtk-theme-nordic
archcraft-gtk-theme-rick
archcraft-gtk-theme-slime
archcraft-gtk-theme-spark
archcraft-gtk-theme-sweet
archcraft-gtk-theme-wave
archcraft-gtk-theme-white
archcraft-gtk-theme-windows
archcraft-help-wse
archcraft-icons-arc
archcraft-icons-breeze
archcraft-icons-hack
archcraft-icons-luna
archcraft-icons-luv
archcraft-icons-nordic
archcraft-icons-numix
archcraft-icons-papirus
archcraft-icons-qogir
archcraft-icons-white
archcraft-icons-win11
archcraft-icons-zafiro
archcraft-mirrorlist
archcraft-openbox
archcraft-randr
archcraft-ranger
archcraft-sway
archcraft-vim
archcraft-wayfire
arcolinux-keyring
arj
atool
autoconf
autojump
automake
b43-fwcutter
baka-mplayer
base
base-devel
bash-completion
bashmount
beautyline
betterlockscreen
bind
binutils
bison
blueman
bluetooth-autoconnect
brave-bin
bridge-utils
brltty
broadcom-wl
btop
btrfs-assistant
btrfs-progs
bzip2
catppuccin-gtk-theme-frappe
catppuccin-gtk-theme-latte
catppuccin-gtk-theme-macchiato
catppuccin-gtk-theme-mocha
chaotic-keyring
chaotic-mirrorlist
check-broken-packages-pacman-hook-git
checksec
cht.sh-git
clang
clinfo
cliphist
clipman
clonezilla
cloud-init
cmake
converseen
copyq
coreutils
cryptsetup
curlftpfs
cython
deluge-gtk
dhclient
dhcpcd
dialog
diffuse
dmidecode
dmraid
dosfstools
downgrade
dracut
dunst
e2fsprogs
ecryptfs-utils
edk2-shell
efibootmgr
engrampa
eog
ethtool
evince
exfatprogs
expressvpn
f2fs-tools
fail2ban
fakeroot
fastfetch
fatresize
fd
ffmpeg
ffmpegthumbnailer
ffmpegthumbs
ffms2
ffnvcodec-headers
file
file-roller
filesystem
findutils
firedragon
fish
flawless-cut-bin
flex
foot
freetype2
fsarchiver
fscrypt
fsearch
fwupd
fzf-tab-completion-git
galculator
gallery-dl
garuda-assistant
garuda-backgrounds
garuda-boot-options
garuda-boot-repair
garuda-browser-settings
garuda-common-settings
garuda-downloader-git
garuda-dracut-support
garuda-fish-config
garuda-gamer
garuda-hooks
garuda-hotfixes
garuda-hyprland-settings
garuda-icons
garuda-network-assistant
garuda-settings-manager
garuda-setup-assistant
garuda-system-maintenance
garuda-video-linux-config
garuda-wallpapers
garuda-wallpapers-2022
garuda-wallpapers-extra
garuda-wallpapers-honeycombs
garuda-welcome
gawk
gcc
gcc-libs
geany
geany-plugins
gestures
gettext
gifski
git
git-delta
git-filter-repo
git-lfs
github-cli
glibc
gnome-disk-utility
gnome-epub-thumbnailer
gnome-firmware
gnome-keyring
gnome-logs
gnome-system-monitor
gnu-netcat
gpart
gparted
gptfdisk
grep
grim
grimblast-git
grimshot
groff
grub
grub-btrfs
grub-garuda
grub-theme-garuda
gsimplecal
gst-plugin-openh264
gstreamer-meta
gstreamer-svt-av1
gstreamer0.10
gstreamer0.10-base-plugins
gtk-engine-murrine
gufw
gvfs
gvfs-afc
gvfs-google
gvfs-gphoto2
gvfs-mtp
gvfs-nfs
gvfs-smb
gzip
handbrake
haveged
hdparm
highlight
htop
hyperv
hyphen-en
hyprland-git
hyprpicker-git
i3lock-color
inetutils
inkscape
inotify-tools
input-devices-support
intel-compute-runtime
intel-gpu-tools
intel-graphics-compiler
intel-media-sdk
intel-ucode
inxi
iproute2
iptables-nft
iputils
irqbalance
iucode-tool
iwd
jdownloader2
jfsutils
jq
kanshi
kitty
krita
krita-plugin-gmic
ksuperkey
kvantum
lf
lhasa
lib32-egl-wayland
lib32-gstreamer
lib32-libva-vdpau-driver
lib32-pipewire-jack
libavresample
libdvdcss
libfido2
libgepub
libgsf
libopenraw
libplacebo
librsvg
libtool
libva-vdpau-driver
licenses
light
linux
linux-atm
linux-firmware
linux-hardened
linux-hardened-headers
linux-headers
linux-lts-headers
linux-zen
linux-zen-headers
llvm10-libs
logrotate
lolcat
losslesscut-bin
lrzip
lsb-release
lsd
lsscsi
lvm2
lynx
lzip
lzop
m4
maim
make
mako
man-db
man-pages
mdadm
mediainfo
megasync-bin
meld
memtest86+
mencoder
mercurial
mesa-utils
meson
micro
mkvtoolnix-cli
mlocate
modem-manager-gui
most
mpc
mpd
mplayer
mpv
mtools
mystiq
nano
nasm
nbd
ncdu
ncmpcpp
ndisc6
needrestart
neofetch
neovim
net-tools
nethogs
netstat-nat
network-manager-applet
networkmanager-dmenu-git
networkmanager-support
nfs-utils
nilfs-utils
ninja
nm-connection-editor
nmap
nnn-nerd
noto-fonts
noto-fonts-cjk
noto-fonts-emoji
nss-mdns
nsxiv
ntfs-3g
nwg-drawer
nwg-launchers
nwg-look
ocs-url
odt2txt
open-iscsi
opencl-caps-viewer-wayland
opencolorio
os-prober-btrfs
otf-font-awesome
otf-font-awesome-4
overdue
p7zip
pace
pacman
pacman-contrib
pacseek
pacui
pamixer
partclone
partimage
partitionmanager
paru
paruz
pastel
patch
pavucontrol
pciutils
perl-file-mimeinfo
picom-ibhagwan-git
pipewire-jack
pipewire-support
pkgconf
plasma-framework5
playerctl
plymouth
polkit-gnome
powerpill
powertop
preload
procps-ng
psmisc
pulseaudio-control
pulsemixer
pv
python-pipenv
python-py7zr
python-pylint
python-pywal
python-rarfile
python-setuptools-scm
python-tiktoken
qt5ct
qt6-3d
qt6-charts
qt6-connectivity
qt6-datavis3d
qt6-doc
qt6-examples
qt6-graphs
qt6-grpc
qt6-httpserver
qt6-imageformats
qt6-languageserver
qt6-location
qt6-lottie
qt6-multimedia
qt6-networkauth
qt6-positioning
qt6-quick3d
qt6-quick3dphysics
qt6-quickeffectmaker
qt6-quicktimeline
qt6-remoteobjects
qt6-scxml
qt6-sensors
qt6-serialbus
qt6-serialport
qt6-speech
qt6-virtualkeyboard
qt6-wayland
qt6-webchannel
qt6-webengine
qt6-websockets
qt6-webview
qutebrowser-git
r8168-dkms
ranger
rate-mirrors
refind
reflector-simple
reiserfsprogs
ripgrep
rlwrap
rofi
rsync
rxvt-unicode-terminfo
schroedinger
scm_breeze-git
scmutils
screen
sdbus-cpp
sddm
sdparm
seahorse
sed
sg3_utils
shadow
shellcheck
shim
slop
slurp
smartmontools
snapper-support
snapper-tools
sof-firmware
squashfs-tools
sshfs
subversion
sudo
svp-bin
svt-av1
swaybg
swayidle
swaylock
sxiv
systemd
systemd-sysvcompat
sysz
tar
tcpdump
terminus-font
testdisk
texinfo
thunar
thunar-archive-plugin
thunar-custom-actions
thunar-media-tags-plugin
thunar-volman
tmux
topgrade
traceroute
transmission-cli
trash-cli
ttf-dejavu
ttf-fantasque-sans-mono
ttf-fira-sans
ttf-firacode-nerd
ttf-jetbrains-mono
ttf-liberation
ttf-nerd-fonts-symbols-mono
ttf-opensans
ttf-ubuntu-font-family
tumbler
tumbler-extra-thumbnailers
udftools
udiskie
udisks2-qt5
ueberzug
ufw
ugrep
unace
unarchiver
unarj
unrar
unzip
update-grub
usbutils
util-linux
vapoursynth
vapoursynth-plugin-svpflow2-bin
vi
viewnior
vim
vim-spell-en
vim-wayland-clipboard-git
vlc
waybar
wayfire-desktop
wayfire-plugins-extra
wayland
wayland-docs-git
wayland-protocols-git
wdisplays
wf-recorder
wget
which
whois
wikiman
wireless-regdb
wireless_tools
wireplumber
wl-clipboard
wlr-randr
wlroots
wmctrl
wmname
wofi
wpaperd
wqy-zenhei
wtype
wvdial
xclip
xcolor
xdg-desktop-portal
xdg-desktop-portal-wlr-git
xdg-user-dirs
xdg-user-dirs-gtk
xdg-utils
xf86-video-fbdev
xf86-video-vesa
xfce-polkit
xfce4-terminal
xfsprogs
xmlstarlet
xorg-bdftopcf
xorg-docs
xorg-font-util
xorg-fonts-100dpi
xorg-fonts-75dpi
xorg-iceauth
xorg-mkfontscale
xorg-server-devel
xorg-server-xephyr
xorg-server-xnest
xorg-sessreg
xorg-smproxy
xorg-x11perf
xorg-xbacklight
xorg-xclipboard
xorg-xcmsdb
xorg-xdriinfo
xorg-xev
xorg-xgamma
xorg-xhost
xorg-xkbevd
xorg-xkbutils
xorg-xkill
xorg-xlsatoms
xorg-xlsclients
xorg-xmodmap
xorg-xpr
xorg-xrdb
xorg-xrefresh
xorg-xsetroot
xorg-xvinfo
xorg-xwayland
xorg-xwd
xorg-xwininfo
xorg-xwud
xsel
xz
yasm
yay
yt-dlp
zenity
zip
zps
zsh-theme-powerlevel10k
zsh-you-should-use
zsync2-git
